[2021-12-04T12:25:39.615] [INFO] default - Log4js working!
[2021-12-04T12:25:39.620] [ERROR] default - error
[2021-12-04T12:26:30.880] [INFO] default - Log4js working!
[2021-12-04T12:26:30.883] [ERROR] default - error
[2021-12-05T09:06:41.503] [INFO] default - Log4js working!
[2021-12-05T09:06:41.657] [ERROR] default - error
[2021-12-05T09:07:03.676] [INFO] default - Log4js working!
[2021-12-05T09:07:03.823] [ERROR] default - error
[2021-12-05T09:25:17.787] [INFO] default - Log4js working!
[2021-12-10T19:48:40.582] [INFO] default - Log4js working!
[2021-12-10T19:49:19.201] [INFO] default - Log4js working!
[2021-12-10T19:49:28.535] [INFO] default - Log4js working!
[2021-12-10T19:49:29.846] [INFO] default - Mongodb is running!
[2021-12-10T19:49:29.848] [INFO] default - Express loaded
[2021-12-10T19:49:29.850] [INFO] default - Server is running
[2021-12-10T19:50:27.282] [INFO] default - Log4js working!
[2021-12-10T19:50:28.616] [INFO] default - Mongodb is running!
[2021-12-10T19:50:28.617] [INFO] default - Express loaded
[2021-12-10T19:50:28.619] [INFO] default - Server is running
[2021-12-10T19:51:08.313] [INFO] default - Log4js working!
[2021-12-10T19:51:09.600] [INFO] default - Mongodb is running!
[2021-12-10T19:51:09.601] [INFO] default - Express loaded
[2021-12-10T19:51:09.603] [INFO] default - Server is running
